  ProyectoCasiTerminado.cpp
C:\Users\hecto\Desktop\ProyectoFinalCG\Proyecto_Jurassic_Park_CGeIHC_Gpo01_S22_2\Proyecto_Final\Proyecto_Final\ProyectoCasiTerminado.cpp(391,24): warning C4244: 'inicializando': conversión de 'double' a 'GLfloat'; posible pérdida de datos
C:\Users\hecto\Desktop\ProyectoFinalCG\Proyecto_Jurassic_Park_CGeIHC_Gpo01_S22_2\Proyecto_Final\Proyecto_Final\ProyectoCasiTerminado.cpp(684,23): warning C4244: '=': conversión de 'double' a 'float'; posible pérdida de datos
C:\Users\hecto\Desktop\ProyectoFinalCG\Proyecto_Jurassic_Park_CGeIHC_Gpo01_S22_2\Proyecto_Final\Proyecto_Final\ProyectoCasiTerminado.cpp(813,23): warning C4305: '-=': truncamiento de 'double' a 'float'
C:\Users\hecto\Desktop\ProyectoFinalCG\Proyecto_Jurassic_Park_CGeIHC_Gpo01_S22_2\Proyecto_Final\Proyecto_Final\ProyectoCasiTerminado.cpp(926,11): warning C4244: '=': conversión de 'double' a 'GLfloat'; posible pérdida de datos
C:\Users\hecto\Desktop\ProyectoFinalCG\Proyecto_Jurassic_Park_CGeIHC_Gpo01_S22_2\Proyecto_Final\Proyecto_Final\ProyectoCasiTerminado.cpp(927,11): warning C4244: '=': conversión de 'double' a 'GLfloat'; posible pérdida de datos
C:\Users\hecto\Desktop\ProyectoFinalCG\Proyecto_Jurassic_Park_CGeIHC_Gpo01_S22_2\Proyecto_Final\Proyecto_Final\ProyectoCasiTerminado.cpp(931,18): warning C4244: 'inicializando': conversión de 'double' a 'GLfloat'; posible pérdida de datos
C:\Users\hecto\Desktop\ProyectoFinalCG\Proyecto_Jurassic_Park_CGeIHC_Gpo01_S22_2\Proyecto_Final\Proyecto_Final\ProyectoCasiTerminado.cpp(932,18): warning C4244: 'inicializando': conversión de 'double' a 'GLfloat'; posible pérdida de datos
C:\Users\hecto\Desktop\ProyectoFinalCG\Proyecto_Jurassic_Park_CGeIHC_Gpo01_S22_2\Proyecto_Final\Proyecto_Final\ProyectoCasiTerminado.cpp(934,10): warning C4244: '=': conversión de 'double' a 'GLfloat'; posible pérdida de datos
C:\Users\hecto\Desktop\ProyectoFinalCG\Proyecto_Jurassic_Park_CGeIHC_Gpo01_S22_2\Proyecto_Final\Proyecto_Final\ProyectoCasiTerminado.cpp(935,10): warning C4244: '=': conversión de 'double' a 'GLfloat'; posible pérdida de datos
C:\Users\hecto\Desktop\ProyectoFinalCG\Proyecto_Jurassic_Park_CGeIHC_Gpo01_S22_2\Proyecto_Final\Proyecto_Final\ProyectoCasiTerminado.cpp(1010,22): warning C4305: '-=': truncamiento de 'double' a 'float'
C:\Users\hecto\Desktop\ProyectoFinalCG\Proyecto_Jurassic_Park_CGeIHC_Gpo01_S22_2\Proyecto_Final\Proyecto_Final\ProyectoCasiTerminado.cpp(1022,22): warning C4305: '+=': truncamiento de 'double' a 'float'
C:\Users\hecto\Desktop\ProyectoFinalCG\Proyecto_Jurassic_Park_CGeIHC_Gpo01_S22_2\Proyecto_Final\Proyecto_Final\ProyectoCasiTerminado.cpp(1034,22): warning C4305: '+=': truncamiento de 'double' a 'float'
C:\Users\hecto\Desktop\ProyectoFinalCG\Proyecto_Jurassic_Park_CGeIHC_Gpo01_S22_2\Proyecto_Final\Proyecto_Final\ProyectoCasiTerminado.cpp(1046,22): warning C4305: '-=': truncamiento de 'double' a 'float'
C:\Users\hecto\Desktop\ProyectoFinalCG\Proyecto_Jurassic_Park_CGeIHC_Gpo01_S22_2\Proyecto_Final\Proyecto_Final\ProyectoCasiTerminado.cpp(1068,24): warning C4305: '-=': truncamiento de 'double' a 'float'
C:\Users\hecto\Desktop\ProyectoFinalCG\Proyecto_Jurassic_Park_CGeIHC_Gpo01_S22_2\Proyecto_Final\Proyecto_Final\ProyectoCasiTerminado.cpp(1078,24): warning C4305: '+=': truncamiento de 'double' a 'float'
C:\Users\hecto\Desktop\ProyectoFinalCG\Proyecto_Jurassic_Park_CGeIHC_Gpo01_S22_2\Proyecto_Final\Proyecto_Final\ProyectoCasiTerminado.cpp(1089,20): warning C4305: '+=': truncamiento de 'double' a 'float'
C:\Users\hecto\Desktop\ProyectoFinalCG\Proyecto_Jurassic_Park_CGeIHC_Gpo01_S22_2\Proyecto_Final\Proyecto_Final\ProyectoCasiTerminado.cpp(1099,20): warning C4305: '+=': truncamiento de 'double' a 'float'
C:\Users\hecto\Desktop\ProyectoFinalCG\Proyecto_Jurassic_Park_CGeIHC_Gpo01_S22_2\Proyecto_Final\Proyecto_Final\ProyectoCasiTerminado.cpp(1100,20): warning C4305: '-=': truncamiento de 'double' a 'float'
C:\Users\hecto\Desktop\ProyectoFinalCG\Proyecto_Jurassic_Park_CGeIHC_Gpo01_S22_2\Proyecto_Final\Proyecto_Final\ProyectoCasiTerminado.cpp(1110,20): warning C4305: '+=': truncamiento de 'double' a 'float'
C:\Users\hecto\Desktop\ProyectoFinalCG\Proyecto_Jurassic_Park_CGeIHC_Gpo01_S22_2\Proyecto_Final\Proyecto_Final\ProyectoCasiTerminado.cpp(1120,20): warning C4305: '-=': truncamiento de 'double' a 'float'
C:\Users\hecto\Desktop\ProyectoFinalCG\Proyecto_Jurassic_Park_CGeIHC_Gpo01_S22_2\Proyecto_Final\Proyecto_Final\ProyectoCasiTerminado.cpp(1121,20): warning C4305: '-=': truncamiento de 'double' a 'float'
C:\Users\hecto\Desktop\ProyectoFinalCG\Proyecto_Jurassic_Park_CGeIHC_Gpo01_S22_2\Proyecto_Final\Proyecto_Final\ProyectoCasiTerminado.cpp(1131,20): warning C4305: '-=': truncamiento de 'double' a 'float'
C:\Users\hecto\Desktop\ProyectoFinalCG\Proyecto_Jurassic_Park_CGeIHC_Gpo01_S22_2\Proyecto_Final\Proyecto_Final\ProyectoCasiTerminado.cpp(1140,22): warning C4305: '+=': truncamiento de 'double' a 'float'
C:\Users\hecto\Desktop\ProyectoFinalCG\Proyecto_Jurassic_Park_CGeIHC_Gpo01_S22_2\Proyecto_Final\Proyecto_Final\ProyectoCasiTerminado.cpp(1149,22): warning C4305: '-=': truncamiento de 'double' a 'float'
C:\Users\hecto\Desktop\ProyectoFinalCG\Proyecto_Jurassic_Park_CGeIHC_Gpo01_S22_2\Proyecto_Final\Proyecto_Final\ProyectoCasiTerminado.cpp(1160,19): warning C4305: '+=': truncamiento de 'double' a 'float'
LINK : warning LNK4098: la biblioteca predeterminada'MSVCRT' entra en conflicto con otras bibliotecas; use la biblioteca /NODEFAULTLIB:biblioteca
soil2-debug.lib(etc1_utils.obj) : warning LNK4099: no se encontró PDB '' con 'soil2-debug.lib(etc1_utils.obj)' o en ''; se vinculará el objeto sin tener en cuenta información de depuración
soil2-debug.lib(image_DXT.obj) : warning LNK4099: no se encontró PDB 'soil2-debug.pdb' con 'soil2-debug.lib(image_DXT.obj)' o en 'C:\Users\hecto\Desktop\ProyectoFinalCG\Proyecto_Jurassic_Park_CGeIHC_Gpo01_S22_2\Proyecto_Final\Debug\soil2-debug.pdb'; se vinculará el objeto sin tener en cuenta información de depuración
soil2-debug.lib(image_helper.obj) : warning LNK4099: no se encontró PDB 'soil2-debug.pdb' con 'soil2-debug.lib(image_helper.obj)' o en 'C:\Users\hecto\Desktop\ProyectoFinalCG\Proyecto_Jurassic_Park_CGeIHC_Gpo01_S22_2\Proyecto_Final\Debug\soil2-debug.pdb'; se vinculará el objeto sin tener en cuenta información de depuración
soil2-debug.lib(SOIL2.obj) : warning LNK4099: no se encontró PDB 'soil2-debug.pdb' con 'soil2-debug.lib(SOIL2.obj)' o en 'C:\Users\hecto\Desktop\ProyectoFinalCG\Proyecto_Jurassic_Park_CGeIHC_Gpo01_S22_2\Proyecto_Final\Debug\soil2-debug.pdb'; se vinculará el objeto sin tener en cuenta información de depuración
  Proyecto_Final.vcxproj -> C:\Users\hecto\Desktop\ProyectoFinalCG\Proyecto_Jurassic_Park_CGeIHC_Gpo01_S22_2\Proyecto_Final\Debug\Proyecto_Final.exe
